android/build/app/intermediates/manifest_merge_blame_file/debug/manifest-merger-blame-debug-report.txt
1<?xml version="1.0" encoding="utf-8"?>
2<manifest xmlns:android="http://schemas.android.com/apk/res/android"
3    package="com.rushcutter.rushcutter"
4    android:versionCode="1"
5    android:versionName="1.0" >
6
7    <uses-sdk
8        android:minSdkVersion="21"
9        android:targetSdkVersion="33" />
10    <!--
11         Flutter needs it to communicate with the running application
12         to allow setting breakpoints, to provide hot reload, etc.
13    -->
14    <uses-permission android:name="android.permission.INTERNET" />
14-->src\debug\AndroidManifest.xml:6:5-66
14-->src\debug\AndroidManifest.xml:6:22-64
15
16    <application
17        android:name="android.app.Application"
18        android:debuggable="true"
19        android:extractNativeLibs="true"
20        android:icon="@mipmap/ic_launcher"
21        android:label="Rushcutter" >
22        <activity
23            android:name="com.rushcutter.rushcutter.MainActivity"
24            android:configChanges="orientation|keyboardHidden|keyboard|screenSize|smallestScreenSize|locale|layoutDirection|fontScale|screenLayout|density|uiMode"
25            android:exported="true"
26            android:hardwareAccelerated="true"
27            android:launchMode="singleTop"
28            android:theme="@style/LaunchTheme"
29            android:windowSoftInputMode="adjustResize" >
30            <meta-data
31                android:name="io.flutter.embedding.android.NormalTheme"
32                android:resource="@style/NormalTheme" />
33
34            <intent-filter>
35                <action android:name="android.intent.action.MAIN" />
36
37                <category android:name="android.intent.category.LAUNCHER" />
38            </intent-filter>
39        </activity>
40
41        <meta-data
42            android:name="flutterEmbedding"
43            android:value="2" />
44    </application>
45
46</manifest>